build/app/outputs/mapping/release/seeds.txt
com.example.esamudaay.MainActivity
com.example.esamudaay.MainActivity: MainActivity()
...
com.baseflow.geolocator.data.LocationOptions: long distanceFilter
com.baseflow.geolocator.R$style: int TextAppearance_Compat_Notification_Time
androidx.core.R$id: int accessibility_custom_action_31
com.baseflow.googleapiavailability.R$string: int common_google_play_services_unknown_issue
com.baseflow.location_permissions.R$id: int bottom
androidx.core.R$id: int tag_screen_reader_focusable
com.baseflow.geolocator.data.GeocodingOptions: java.util.Locale mLocale
com.baseflow.location_permissions.LocationPermissionsPlugin: java.lang.String LOG_TAG
com.google.android.gms.base.R$drawable: int common_google_signin_btn_text_light
com.baseflow.geolocator.data.wrapper.MethodResponse: void error(java.lang.String,java.lang.String,java.lang.Object)
com.baseflow.googleapiavailability.R$string: int common_google_play_services_install_text
io.flutter.view.FlutterView: io.flutter.view.FlutterNativeView getFlutterNativeView()
com.baseflow.location_permissions.LocationPermissionsPlugin: void handlePermissionsRequest(java.lang.String[],int[])
com.baseflow.geolocator.R$drawable: int notification_template_icon_low_bg
androidx.core.R$id: int text
com.baseflow.geolocator.R$styleable: int FontFamilyFont_android_ttcIndex
com.baseflow.location_permissions.R$drawable: int notification_bg_normal_pressed
com.baseflow.location_permissions.R$drawable: R$drawable()
io.flutter.embedding.engine.FlutterJNI: void markTextureFrameAvailable(long)
com.baseflow.geolocator.tasks.LocationUsingLocationServicesTask
com.baseflow.location_permissions.R$attr: int fontProviderQuery
com.baseflow.googleapiavailability.R$string: int common_google_play_services_updating_text
com.baseflow.googleapiavailability.R$id: int tag_accessibility_actions
com.baseflow.geolocator.R$id: int top
com.baseflow.googleapiavailability.R$attr: int layout_insetEdge
io.flutter.embedding.engine.systemchannels.PlatformChannel$DeviceOrientation: io.flutter.embedding.engine.systemchannels.PlatformChannel$DeviceOrientation valueOf(java.lang.String)
com.google.android.gms.common.R$string: int common_google_play_services_unknown_issue
com.baseflow.geolocator.tasks.LastKnownLocationUsingLocationServicesTask: com.google.android.gms.location.FusedLocationProviderClient mFusedLocationProviderClient
com.baseflow.geolocator.R$id: int accessibility_custom_action_31
com.baseflow.location_permissions.LocationPermissionsPlugin$ServiceStatus
com.baseflow.geolocator.data.Result: Result(io.flutter.plugin.common.MethodChannel$Result)
io.flutter.embedding.engine.FlutterJNI: io.flutter.embedding.engine.FlutterJNI$AccessibilityDelegate accessibilityDelegate
com.google.firebase.messaging.RemoteMessage: android.os.Parcelable$Creator CREATOR
com.baseflow.geolocator.R$dimen: int notification_action_text_size
com.baseflow.location_permissions.LocationPermissionsPlugin: int SERVICE_STATUS_ENABLED
com.baseflow.googleapiavailability.R$integer: R$integer()
androidx.versionedparcelable.CustomVersionedParcelable: CustomVersionedParcelable()
androidx.core.R$dimen: int notification_action_icon_size
com.baseflow.googleapiavailability.R$styleable: int ColorStateListItem_android_color
com.google.android.gms.base.R$string: int common_google_play_services_update_title
com.baseflow.location_permissions.R$styleable: int GradientColorItem_android_color
com.google.android.gms.internal.location.zzo: android.os.Parcelable$Creator CREATOR
androidx.core.R$id: int right_icon
com.baseflow.googleapiavailability.R$id: int accessibility_custom_action_30
com.baseflow.geolocator.R$styleable: int[] ColorStateListItem
com.baseflow.geolocator.tasks.ReverseGeocodingTask$1: com.baseflow.geolocator.tasks.ReverseGeocodingTask this$0
com.baseflow.location_permissions.R$id: int top
com.baseflow.location_permissions.R$integer: int status_bar_notification_info_maxnum
com.baseflow.googleapiavailability.R$layout: int notification_template_custom_big
androidx.core.R$id: int accessibility_custom_action_24
com.baseflow.location_permissions.R$integer