build/app/outputs/mapping/release/mapping.txt
# compiler: R8
# compiler_version: 1.6.82
# min_api: 16
# pg_map_id: 23db554
# common_typos_disable
...
com.google.android.gms.common.api.internal.RegisterListenerMethod -> com.google.android.gms.common.api.internal.k:
    com.google.android.gms.common.Feature[] zajw -> b
    com.google.android.gms.common.api.internal.ListenerHolder zajv -> a
    boolean zajx -> c
    void clearListener() -> a
    void registerListener(com.google.android.gms.common.api.Api$AnyClient,com.google.android.gms.tasks.TaskCompletionSource) -> a
    com.google.android.gms.common.api.internal.ListenerHolder$ListenerKey getListenerKey() -> b
    com.google.android.gms.common.Feature[] getRequiredFeatures() -> c
    boolean shouldAutoResolveMissingFeatures() -> d
com.google.android.gms.common.api.internal.StatusExceptionMapper -> com.google.android.gms.common.api.internal.l:
    java.lang.Exception getException(com.google.android.gms.common.api.Status) -> a
com.google.android.gms.common.api.internal.TaskApiCall -> com.google.android.gms.common.api.internal.m:
    com.google.android.gms.common.Feature[] zakj -> a
    boolean zakq -> b
    void doExecute(com.google.android.gms.common.api.Api$AnyClient,com.google.android.gms.tasks.TaskCompletionSource) -> a
    boolean shouldAutoResolveMissingFeatures() -> a
    com.google.android.gms.common.Feature[] zabr() -> b
com.google.android.gms.common.api.internal.TaskUtil -> com.google.android.gms.common.api.internal.n:
    void setResultOrApiException(com.google.android.gms.common.api.Status,com.google.android.gms.tasks.TaskCompletionSource) -> a
    void setResultOrApiException(com.google.android.gms.common.api.Status,java.lang.Object,com.google.android.gms.tasks.TaskCompletionSource) -> a
    com.google.android.gms.tasks.Task toVoidTaskThatFailsOnFalse(com.google.android.gms.tasks.Task) -> a
com.google.android.gms.common.api.internal.UnregisterListenerMethod -> com.google.android.gms.common.api.internal.o:
    com.google.android.gms.common.api.internal.ListenerHolder$ListenerKey zajq -> a
    com.google.android.gms.common.api.internal.ListenerHolder$ListenerKey getListenerKey() -> a
    void unregisterListener(com.google.android.gms.common.api.Api$AnyClient,com.google.android.gms.tasks.TaskCompletionSource) -> a
com.google.android.gms.common.api.internal.zaab -> com.google.android.gms.common.api.internal.p:
    java.util.Map zafq -> a
    java.util.Map zafr -> b
    void zaa(com.google.android.gms.tasks.TaskCompletionSource,boolean) -> a
    void zaa(boolean,com.google.android.gms.common.api.Status) -> a
    boolean zaae() -> a
    java.util.Map zab(com.google.android.gms.common.api.internal.zaab) -> a
    void zaaf() -> b
    void zaag() -> c
com.google.android.gms.common.api.internal.zaac -> com.google.android.gms.common.api.internal.q:
com.google.android.gms.common.api.internal.zaad -> com.google.android.gms.common.api.internal.r:
    com.google.android.gms.common.api.internal.zaab zafp -> b
    com.google.android.gms.tasks.TaskCompletionSource zaft -> a
com.google.android.gms.common.api.internal.zaae -> com.google.android.gms.common.api.internal.s:
com.google.android.gms.common.api.internal.zaaf -> com.google.android.gms.common.api.internal.t:
    com.google.android.gms.common.api.internal.ApiKey zafv -> a
    com.google.android.gms.tasks.TaskCompletionSource zafw -> b
    com.google.android.gms.common.api.internal.ApiKey getApiKey() -> a
    com.google.android.gms.tasks.TaskCompletionSource zaaj() -> b
com.google.android.gms.common.api.internal.zab -> com.google.android.gms.common.api.internal.u:
    int type -> a
    com.google.android.gms.common.api.Status zaa(android.os.RemoteException) -> a
    void zaa(com.google.android.gms.common.api.Status) -> a
    void zaa(com.google.android.gms.common.api.internal.GoogleApiManager$zaa) -> a
    void zaa(com.google.android.gms.common.api.internal.zaab,boolean) -> a
    void zaa(java.lang.Exception) -> a
    com.google.android.gms.common.api.Status zab(android.os.RemoteException) -> b