build/app/outputs/mapping/release/usage.txt
com.example.esamudaay.R$color
com.example.esamudaay.R$styleable
com.example.esamudaay.R$mipmap
com.example.esamudaay.R$style
com.example.esamudaay.R$dimen
com.example.esamudaay.R
com.example.esamudaay.R$string
com.example.esamudaay.BuildConfig
com.example.esamudaay.R$id
com.example.esamudaay.R$attr
com.example.esamudaay.R$drawable
com.example.esamudaay.R$integer
com.example.esamudaay.R$layout
...
androidx.core.widget.ScrollerCompat
androidx.core.provider.FontsContractCompat$4$7
com.google.firebase.installations.Utils:
    private static final java.lang.String APP_ID_IDENTIFICATION_SUBSTRING
kotlin.text.MatchResult$Destructured
androidx.core.view.TintableBackgroundView
com.google.android.gms.maps.model.zzu
com.google.android.gms.common.Feature:
    public void <init>(java.lang.String,long)
javax.inject.Inject
com.google.firebase.annotations.PublicApi
io.flutter.plugins.flutter_plugin_android_lifecycle.R$id
io.flutter.plugins.googlemaps.R$attr
androidx.customview.widget.FocusStrategy$SequentialComparator
androidx.core.view.accessibility.AccessibilityNodeProviderCompat$AccessibilityNodeProviderApi19
io.flutter.plugins.sharedpreferences.MethodCallHandlerImpl:
    private static final java.lang.String SHARED_PREFERENCES_NAME
    private static final java.lang.String LIST_IDENTIFIER
    private static final java.lang.String BIG_INTEGER_PREFIX
    private static final java.lang.String DOUBLE_PREFIX
kotlin.collections.CollectionsKt___CollectionsKt$elementAt$1
com.google.android.gms.location.LocationResult:
    public static com.google.android.gms.location.LocationResult create(java.util.List)
    public static boolean hasResult(android.content.Intent)
    public static com.google.android.gms.location.LocationResult extractResult(android.content.Intent)
    public final android.location.Location getLastLocation()
androidx.viewpager.widget.PagerAdapter
kotlin.collections.ArrayAsCollection
kotlin.properties.Delegates$vetoable$1
androidx.core.provider.FontsContractCompat$1
com.google.android.gms.common.util.CrashUtils:
    public void <init>()
com.google.firebase.R
com.google.android.gms.maps.internal.zzbm
com.google.android.gms.common.util.ProcessUtils:
    private void <init>()
androidx.drawerlayout.widget.DrawerLayout$ChildAccessibilityDelegate
kotlin.internal.Exact
kotlin.jvm.internal.TypeIntrinsics
com.google.android.gms.common.util.HexDumpUtils
com.google.android.gms.location.zzaf
com.google.android.gms.common.internal.safeparcel.SafeParcelable$Field
io.flutter.plugins.flutter_plugin_android_lifecycle.R
androidx.drawerlayout.R$layout
com.google.android.gms.common.api.internal.zabd
io.flutter.plugins.sharedpreferences.R$styleable
com.google.android.gms.common.GooglePlayServicesRepairableException
com.google.android.gms.common.api.Response
kotlin.io.FileTreeWalk
com.google.android.gms.maps.model.zzd
com.google.android.gms.maps.model.Cap:
    final com.google.android.gms.maps.model.Cap zzh()
kotlin.coroutines.intrinsics.IntrinsicsKt__IntrinsicsKt
androidx.core.provider.FontsContractCompat$Columns